<?xml version="1.0" encoding="UTF-8"?>
<!-- Generated by org.testng.reporters.JUnitXMLReporter -->
<testsuite ignored="2" hostname="DESKTOP-D2R3TNT" failures="0" tests="10" name="Test" time="4.545" errors="0" timestamp="2023-10-09T12:35:04 IST">
  <testcase classname="com.amazonselenium.test.basetest" name="@BeforeMethod initializeWebDriver" time="2.691">
    <failure type="org.openqa.selenium.SessionNotCreatedException" message="Could not start a new session. Response code 500. Message: session not created: This version of ChromeDriver only supports Chrome version 100
Current browser version is 117.0.5938.132 with binary path C:\Program Files\Google\Chrome\Application\chrome.exe
Build info: version: &amp;apos;4.1.3&amp;apos;, revision: &amp;apos;7b1ebf28ef&amp;apos;
System info: host: &amp;apos;DESKTOP-D2R3TNT&amp;apos;, ip: &amp;apos;172.19.64.1&amp;apos;, os.name: &amp;apos;Windows 10&amp;apos;, os.arch: &amp;apos;amd64&amp;apos;, os.version: &amp;apos;10.0&amp;apos;, java.version: &amp;apos;21&amp;apos;
Driver info: org.openqa.selenium.chrome.ChromeDriver
Command: [null, newSession {capabilities=[Capabilities {browserName: chrome, goog:chromeOptions: {args: [], extensions: []}}], desiredCapabilities=Capabilities {browserName: chrome, goog:chromeOptions: {args: [], extensions: []}}}]">
      <![CDATA[org.openqa.selenium.SessionNotCreatedException: Could not start a new session. Response code 500. Message: session not created: This version of ChromeDriver only supports Chrome version 100
Current browser version is 117.0.5938.132 with binary path C:\Program Files\Google\Chrome\Application\chrome.exe
Build info: version: '4.1.3', revision: '7b1ebf28ef'
System info: host: 'DESKTOP-D2R3TNT', ip: '172.19.64.1', os.name: 'Windows 10', os.arch: 'amd64', os.version: '10.0', java.version: '21'
Driver info: org.openqa.selenium.chrome.ChromeDriver
Command: [null, newSession {capabilities=[Capabilities {browserName: chrome, goog:chromeOptions: {args: [], extensions: []}}], desiredCapabilities=Capabilities {browserName: chrome, goog:chromeOptions: {args: [], extensions: []}}}]
at org.openqa.selenium.remote.ProtocolHandshake.createSession(ProtocolHandshake.java:126)
at org.openqa.selenium.remote.ProtocolHandshake.createSession(ProtocolHandshake.java:84)
at org.openqa.selenium.remote.ProtocolHandshake.createSession(ProtocolHandshake.java:62)
at org.openqa.selenium.remote.HttpCommandExecutor.execute(HttpCommandExecutor.java:156)
at org.openqa.selenium.remote.service.DriverCommandExecutor.invokeExecute(DriverCommandExecutor.java:167)
at org.openqa.selenium.remote.service.DriverCommandExecutor.execute(DriverCommandExecutor.java:142)
at org.openqa.selenium.remote.RemoteWebDriver.execute(RemoteWebDriver.java:567)
at org.openqa.selenium.remote.RemoteWebDriver.startSession(RemoteWebDriver.java:248)
at org.openqa.selenium.remote.RemoteWebDriver.<init>(RemoteWebDriver.java:164)
at org.openqa.selenium.chromium.ChromiumDriver.<init>(ChromiumDriver.java:108)
at org.openqa.selenium.chrome.ChromeDriver.<init>(ChromeDriver.java:106)
at org.openqa.selenium.chrome.ChromeDriver.<init>(ChromeDriver.java:93)
at org.openqa.selenium.chrome.ChromeDriver.<init>(ChromeDriver.java:48)
at com.amazonselenium.test.basetest.initializeWebDriver(basetest.java:66)
at java.base/java.util.ArrayList.forEach(ArrayList.java:1596)
... Removed 29 stack frames]]>
    </failure>
  </testcase> <!-- @BeforeMethod initializeWebDriver -->
  <testcase classname="com.amazonselenium.test.basetest" name="@BeforeMethod navigateSite" time="0.0">
    <skipped/>
  </testcase> <!-- @BeforeMethod navigateSite -->
  <testcase classname="com.amazonselenium.test.basetest" name="@BeforeMethod startTest" time="0.0">
    <skipped/>
  </testcase> <!-- @BeforeMethod startTest -->
  <testcase classname="com.amazonselenium.test.basetest" name="@AfterMethod resultTest" time="0.0">
    <skipped/>
  </testcase> <!-- @AfterMethod resultTest -->
  <testcase classname="com.amazonselenium.test.basetest" name="@BeforeMethod initializeWebDriver" time="0.0">
    <skipped/>
  </testcase> <!-- @BeforeMethod initializeWebDriver -->
  <testcase classname="com.amazonselenium.test.basetest" name="@BeforeMethod navigateSite" time="0.0">
    <skipped/>
  </testcase> <!-- @BeforeMethod navigateSite -->
  <testcase classname="com.amazonselenium.test.basetest" name="@BeforeMethod startTest" time="0.0">
    <skipped/>
  </testcase> <!-- @BeforeMethod startTest -->
  <testcase classname="com.amazonselenium.test.basetest" name="@AfterMethod resultTest" time="0.0">
    <skipped/>
  </testcase> <!-- @AfterMethod resultTest -->
  <testcase classname="com.amazonselenium.test.basetest" name="@BeforeMethod initializeWebDriver" time="0.0">
    <skipped/>
  </testcase> <!-- @BeforeMethod initializeWebDriver -->
  <testcase classname="com.amazonselenium.test.basetest" name="@BeforeMethod navigateSite" time="0.0">
    <skipped/>
  </testcase> <!-- @BeforeMethod navigateSite -->
  <testcase classname="com.amazonselenium.test.basetest" name="@BeforeMethod startTest" time="0.0">
    <skipped/>
  </testcase> <!-- @BeforeMethod startTest -->
  <testcase classname="com.amazonselenium.test.basetest" name="@AfterMethod resultTest" time="0.0">
    <skipped/>
  </testcase> <!-- @AfterMethod resultTest -->
  <testcase classname="com.amazonselenium.test.basetest" name="@BeforeMethod initializeWebDriver" time="0.0">
    <skipped/>
  </testcase> <!-- @BeforeMethod initializeWebDriver -->
  <testcase classname="com.amazonselenium.test.basetest" name="@BeforeMethod navigateSite" time="0.0">
    <skipped/>
  </testcase> <!-- @BeforeMethod navigateSite -->
  <testcase classname="com.amazonselenium.test.basetest" name="@BeforeMethod startTest" time="0.0">
    <skipped/>
  </testcase> <!-- @BeforeMethod startTest -->
  <testcase classname="com.amazonselenium.test.basetest" name="@AfterMethod resultTest" time="0.0">
    <skipped/>
  </testcase> <!-- @AfterMethod resultTest -->
  <testcase classname="com.amazonselenium.test.basetest" name="@BeforeMethod initializeWebDriver" time="0.0">
    <skipped/>
  </testcase> <!-- @BeforeMethod initializeWebDriver -->
  <testcase classname="com.amazonselenium.test.basetest" name="@BeforeMethod navigateSite" time="0.0">
    <skipped/>
  </testcase> <!-- @BeforeMethod navigateSite -->
  <testcase classname="com.amazonselenium.test.basetest" name="@BeforeMethod startTest" time="0.0">
    <skipped/>
  </testcase> <!-- @BeforeMethod startTest -->
  <testcase classname="com.amazonselenium.test.basetest" name="@AfterMethod resultTest" time="0.0">
    <skipped/>
  </testcase> <!-- @AfterMethod resultTest -->
  <testcase classname="com.amazonselenium.test.basetest" name="@BeforeMethod initializeWebDriver" time="1.412">
    <failure type="org.openqa.selenium.SessionNotCreatedException" message="Could not start a new session. Response code 500. Message: session not created: This version of ChromeDriver only supports Chrome version 100
Current browser version is 117.0.5938.132 with binary path C:\Program Files\Google\Chrome\Application\chrome.exe
Build info: version: &amp;apos;4.1.3&amp;apos;, revision: &amp;apos;7b1ebf28ef&amp;apos;
System info: host: &amp;apos;DESKTOP-D2R3TNT&amp;apos;, ip: &amp;apos;172.19.64.1&amp;apos;, os.name: &amp;apos;Windows 10&amp;apos;, os.arch: &amp;apos;amd64&amp;apos;, os.version: &amp;apos;10.0&amp;apos;, java.version: &amp;apos;21&amp;apos;
Driver info: org.openqa.selenium.chrome.ChromeDriver
Command: [null, newSession {capabilities=[Capabilities {browserName: chrome, goog:chromeOptions: {args: [], extensions: []}}], desiredCapabilities=Capabilities {browserName: chrome, goog:chromeOptions: {args: [], extensions: []}}}]">
      <![CDATA[org.openqa.selenium.SessionNotCreatedException: Could not start a new session. Response code 500. Message: session not created: This version of ChromeDriver only supports Chrome version 100
Current browser version is 117.0.5938.132 with binary path C:\Program Files\Google\Chrome\Application\chrome.exe
Build info: version: '4.1.3', revision: '7b1ebf28ef'
System info: host: 'DESKTOP-D2R3TNT', ip: '172.19.64.1', os.name: 'Windows 10', os.arch: 'amd64', os.version: '10.0', java.version: '21'
Driver info: org.openqa.selenium.chrome.ChromeDriver
Command: [null, newSession {capabilities=[Capabilities {browserName: chrome, goog:chromeOptions: {args: [], extensions: []}}], desiredCapabilities=Capabilities {browserName: chrome, goog:chromeOptions: {args: [], extensions: []}}}]
at org.openqa.selenium.remote.ProtocolHandshake.createSession(ProtocolHandshake.java:126)
at org.openqa.selenium.remote.ProtocolHandshake.createSession(ProtocolHandshake.java:84)
at org.openqa.selenium.remote.ProtocolHandshake.createSession(ProtocolHandshake.java:62)
at org.openqa.selenium.remote.HttpCommandExecutor.execute(HttpCommandExecutor.java:156)
at org.openqa.selenium.remote.service.DriverCommandExecutor.invokeExecute(DriverCommandExecutor.java:167)
at org.openqa.selenium.remote.service.DriverCommandExecutor.execute(DriverCommandExecutor.java:142)
at org.openqa.selenium.remote.RemoteWebDriver.execute(RemoteWebDriver.java:567)
at org.openqa.selenium.remote.RemoteWebDriver.startSession(RemoteWebDriver.java:248)
at org.openqa.selenium.remote.RemoteWebDriver.<init>(RemoteWebDriver.java:164)
at org.openqa.selenium.chromium.ChromiumDriver.<init>(ChromiumDriver.java:108)
at org.openqa.selenium.chrome.ChromeDriver.<init>(ChromeDriver.java:106)
at org.openqa.selenium.chrome.ChromeDriver.<init>(ChromeDriver.java:93)
at org.openqa.selenium.chrome.ChromeDriver.<init>(ChromeDriver.java:48)
at com.amazonselenium.test.basetest.initializeWebDriver(basetest.java:66)
at java.base/java.util.ArrayList.forEach(ArrayList.java:1596)
... Removed 29 stack frames]]>
    </failure>
  </testcase> <!-- @BeforeMethod initializeWebDriver -->
  <testcase classname="com.amazonselenium.test.basetest" name="@BeforeMethod navigateSite" time="0.0">
    <skipped/>
  </testcase> <!-- @BeforeMethod navigateSite -->
  <testcase classname="com.amazonselenium.test.basetest" name="@BeforeMethod startTest" time="0.0">
    <skipped/>
  </testcase> <!-- @BeforeMethod startTest -->
  <testcase classname="com.amazonselenium.test.basetest" name="@AfterMethod resultTest" time="0.0">
    <skipped/>
  </testcase> <!-- @AfterMethod resultTest -->
  <testcase classname="com.amazonselenium.test.basetest" name="@BeforeMethod initializeWebDriver" time="0.0">
    <skipped/>
  </testcase> <!-- @BeforeMethod initializeWebDriver -->
  <testcase classname="com.amazonselenium.test.basetest" name="@BeforeMethod navigateSite" time="0.0">
    <skipped/>
  </testcase> <!-- @BeforeMethod navigateSite -->
  <testcase classname="com.amazonselenium.test.basetest" name="@BeforeMethod startTest" time="0.0">
    <skipped/>
  </testcase> <!-- @BeforeMethod startTest -->
  <testcase classname="com.amazonselenium.test.basetest" name="@AfterMethod resultTest" time="0.0">
    <skipped/>
  </testcase> <!-- @AfterMethod resultTest -->
  <testcase classname="com.amazonselenium.test.basetest" name="@BeforeMethod initializeWebDriver" time="0.0">
    <skipped/>
  </testcase> <!-- @BeforeMethod initializeWebDriver -->
  <testcase classname="com.amazonselenium.test.basetest" name="@BeforeMethod navigateSite" time="0.0">
    <skipped/>
  </testcase> <!-- @BeforeMethod navigateSite -->
  <testcase classname="com.amazonselenium.test.basetest" name="@BeforeMethod startTest" time="0.0">
    <skipped/>
  </testcase> <!-- @BeforeMethod startTest -->
  <testcase classname="com.amazonselenium.test.basetest" name="@AfterMethod resultTest" time="0.0">
    <skipped/>
  </testcase> <!-- @AfterMethod resultTest -->
  <testcase classname="com.amazonselenium.test.basetest" name="@BeforeMethod initializeWebDriver" time="0.0">
    <skipped/>
  </testcase> <!-- @BeforeMethod initializeWebDriver -->
  <testcase classname="com.amazonselenium.test.basetest" name="@BeforeMethod navigateSite" time="0.0">
    <skipped/>
  </testcase> <!-- @BeforeMethod navigateSite -->
  <testcase classname="com.amazonselenium.test.basetest" name="@BeforeMethod startTest" time="0.0">
    <skipped/>
  </testcase> <!-- @BeforeMethod startTest -->
  <testcase classname="com.amazonselenium.test.basetest" name="@AfterMethod resultTest" time="0.0">
    <skipped/>
  </testcase> <!-- @AfterMethod resultTest -->
  <testcase classname="com.amazonselenium.test.basetest" name="@BeforeMethod initializeWebDriver" time="0.0">
    <skipped/>
  </testcase> <!-- @BeforeMethod initializeWebDriver -->
  <testcase classname="com.amazonselenium.test.basetest" name="@BeforeMethod navigateSite" time="0.0">
    <skipped/>
  </testcase> <!-- @BeforeMethod navigateSite -->
  <testcase classname="com.amazonselenium.test.basetest" name="@BeforeMethod startTest" time="0.0">
    <skipped/>
  </testcase> <!-- @BeforeMethod startTest -->
  <testcase classname="com.amazonselenium.test.basetest" name="@AfterMethod resultTest" time="0.0">
    <skipped/>
  </testcase> <!-- @AfterMethod resultTest -->
  <testcase classname="com.amazonselenium.test.RegisterTest" name="blankUser" time="0.0">
    <skipped/>
  </testcase> <!-- blankUser -->
  <testcase classname="com.amazonselenium.test.RegisterTest" name="blankregisteruser" time="0.0">
    <skipped/>
  </testcase> <!-- blankregisteruser -->
  <testcase classname="com.amazonselenium.test.RegisterTest" name="invalidMail" time="0.0">
    <skipped/>
  </testcase> <!-- invalidMail -->
  <testcase classname="com.amazonselenium.test.RegisterTest" name="invalidPass" time="0.0">
    <skipped/>
  </testcase> <!-- invalidPass -->
  <testcase classname="com.amazonselenium.test.RegisterTest" name="validregisterUser" time="0.0">
    <skipped/>
  </testcase> <!-- validregisterUser -->
  <testcase classname="com.amazonselenium.test.loginTest" name="ValidLogin" time="0.0">
    <skipped/>
  </testcase> <!-- ValidLogin -->
  <testcase classname="com.amazonselenium.test.loginTest" name="invalidmail" time="0.001">
    <skipped/>
  </testcase> <!-- invalidmail -->
  <testcase classname="com.amazonselenium.test.loginTest" name="blankmail" time="0.0">
    <skipped/>
  </testcase> <!-- blankmail -->
  <testcase classname="com.amazonselenium.test.loginTest" name="blankPass" time="0.0">
    <skipped/>
  </testcase> <!-- blankPass -->
  <testcase classname="com.amazonselenium.test.loginTest" name="invalidPass" time="0.0">
    <skipped/>
  </testcase> <!-- invalidPass -->
  <testcase classname="com.amazonselenium.test.basetest" name="@BeforeSuite setExtent" time="0.0">
    <ignored/>
  </testcase> <!-- @BeforeSuite setExtent -->
  <testcase classname="com.amazonselenium.test.basetest" name="@AfterSuite endReport" time="0.0">
    <ignored/>
  </testcase> <!-- @AfterSuite endReport -->
</testsuite> <!-- Test -->
